<?xml version="1.0" encoding="UTF-8"?>
<!-- Generated by org.testng.reporters.JUnitReportReporter -->
<testsuite skipped="0" hostname="Mds-MacBook-Air.local" name="auto.AutoTest" tests="1" failures="0" timestamp="25 Oct 2022 22:18:27 GMT" time="6.419" errors="0">
  <testcase name="test" time="6.419" classname="auto.AutoTest"/>
</testsuite> <!-- auto.AutoTest -->
